2022-05-10 14:39:20,809 [INFO ] espncricinfo.testing.streakTest [main] Avesh Khan
2022-05-10 14:39:26,264 [INFO ] espncricinfo.testing.streakTest [main] Surat
2022-05-10 14:39:31,732 [INFO ] espncricinfo.testing.streakTest [main] Jaipur
2022-05-10 14:41:06,215 [INFO ] espncricinfo.testing.streakTest [main] Khaleel Ahmed
2022-05-10 14:41:11,652 [INFO ] espncricinfo.testing.streakTest [main] Ricky Ponting
2022-05-10 14:41:16,979 [INFO ] espncricinfo.testing.streakTest [main] Thunderstorm
2022-05-10 14:42:51,218 [INFO ] espncricinfo.testing.streakTest [main] Shankar-Ehsaan
2022-05-10 14:42:56,872 [INFO ] espncricinfo.testing.streakTest [main] Umar Gul
2022-05-10 14:43:02,385 [INFO ] espncricinfo.testing.streakTest [main] Mike Hussey
2022-05-10 14:45:31,047 [INFO ] espncricinfo.testing.streakTest [main] Punjab Kings
2022-05-10 14:45:32,975 [INFO ] espncricinfo.testing.streakTest [main] Oops!
2022-05-10 14:45:33,019 [INFO ] espncricinfo.testing.streakTest [main] false
2022-05-10 14:45:33,094 [INFO ] espncricinfo.testing.streakTest [main] 
2022-05-10 14:45:33,110 [INFO ] espncricinfo.testing.streakTest [main] 
2022-05-10 14:45:33,139 [INFO ] espncricinfo.testing.streakTest [main] 
2022-05-10 14:45:33,168 [INFO ] espncricinfo.testing.streakTest [main] 
2022-05-10 14:45:33,215 [INFO ] espncricinfo.testing.streakTest [main] 
2022-05-10 14:45:33,243 [INFO ] espncricinfo.testing.streakTest [main] 
2022-05-10 14:45:33,273 [INFO ] espncricinfo.testing.streakTest [main] 
2022-05-10 14:45:33,300 [INFO ] espncricinfo.testing.streakTest [main] 
2022-05-10 14:45:33,326 [INFO ] espncricinfo.testing.streakTest [main] 
2022-05-10 14:45:33,341 [INFO ] espncricinfo.testing.streakTest [main] 
2022-05-10 14:58:33,400 [INFO ] espncricinfo.testing.streakTest [main] Avesh Khan
2022-05-10 14:58:39,058 [INFO ] espncricinfo.testing.streakTest [main] Surat
2022-05-10 14:58:44,525 [INFO ] espncricinfo.testing.streakTest [main] Jaipur
2022-05-10 15:00:19,056 [INFO ] espncricinfo.testing.streakTest [main] Khaleel Ahmed
2022-05-10 15:00:24,440 [INFO ] espncricinfo.testing.streakTest [main] Ricky Ponting
2022-05-10 15:00:29,836 [INFO ] espncricinfo.testing.streakTest [main] Thunderstorm
2022-05-10 15:02:04,074 [INFO ] espncricinfo.testing.streakTest [main] Shankar-Ehsaan
2022-05-10 15:02:09,462 [INFO ] espncricinfo.testing.streakTest [main] Umar Gul
2022-05-10 15:02:14,920 [INFO ] espncricinfo.testing.streakTest [main] Mike Hussey
2022-05-10 15:04:31,022 [INFO ] espncricinfo.testing.streakTest [main] Punjab Kings
2022-05-10 15:04:32,895 [INFO ] espncricinfo.testing.streakTest [main] Oops!
2022-05-10 15:04:32,931 [INFO ] espncricinfo.testing.streakTest [main] false
2022-05-10 15:04:32,961 [INFO ] espncricinfo.testing.streakTest [main] 
2022-05-10 15:04:32,969 [INFO ] espncricinfo.testing.streakTest [main] 
2022-05-10 15:04:32,982 [INFO ] espncricinfo.testing.streakTest [main] 
2022-05-10 15:04:32,997 [INFO ] espncricinfo.testing.streakTest [main] 
2022-05-10 15:04:33,012 [INFO ] espncricinfo.testing.streakTest [main] 
2022-05-10 15:04:33,019 [INFO ] espncricinfo.testing.streakTest [main] 
2022-05-10 15:04:33,035 [INFO ] espncricinfo.testing.streakTest [main] 
2022-05-10 15:04:33,048 [INFO ] espncricinfo.testing.streakTest [main] 
2022-05-10 15:04:33,065 [INFO ] espncricinfo.testing.streakTest [main] 
2022-05-10 15:04:33,083 [INFO ] espncricinfo.testing.streakTest [main] 
2022-05-10 15:07:56,594 [INFO ] espncricinfo.testing.streakTest [main] Avesh Khan
2022-05-10 15:08:01,959 [INFO ] espncricinfo.testing.streakTest [main] Surat
2022-05-10 15:08:07,291 [INFO ] espncricinfo.testing.streakTest [main] Jaipur
2022-05-10 15:09:40,689 [INFO ] espncricinfo.testing.streakTest [main] Khaleel Ahmed
2022-05-10 15:09:46,055 [INFO ] espncricinfo.testing.streakTest [main] Ricky Ponting
2022-05-10 15:09:51,382 [INFO ] espncricinfo.testing.streakTest [main] Thunderstorm
2022-05-10 15:11:24,755 [INFO ] espncricinfo.testing.streakTest [main] Shankar-Ehsaan
2022-05-10 15:11:30,145 [INFO ] espncricinfo.testing.streakTest [main] Umar Gul
2022-05-10 15:11:35,482 [INFO ] espncricinfo.testing.streakTest [main] Mike Hussey
2022-05-10 15:13:08,746 [INFO ] espncricinfo.testing.streakTest [main] Punjab Kings
2022-05-10 15:13:10,279 [INFO ] espncricinfo.testing.streakTest [main] Oops!
2022-05-10 15:13:10,301 [INFO ] espncricinfo.testing.streakTest [main] false
2022-05-10 15:17:28,969 [INFO ] espncricinfo.testing.streakTest [main] Avesh Khan
2022-05-10 15:17:34,352 [INFO ] espncricinfo.testing.streakTest [main] Surat
2022-05-10 15:17:39,746 [INFO ] espncricinfo.testing.streakTest [main] Jaipur
2022-05-10 15:19:13,134 [INFO ] espncricinfo.testing.streakTest [main] Khaleel Ahmed
2022-05-10 15:19:18,572 [INFO ] espncricinfo.testing.streakTest [main] Ricky Ponting
2022-05-10 15:19:23,991 [INFO ] espncricinfo.testing.streakTest [main] Thunderstorm
2022-05-10 15:20:57,406 [INFO ] espncricinfo.testing.streakTest [main] Shankar-Ehsaan
2022-05-10 15:21:02,822 [INFO ] espncricinfo.testing.streakTest [main] Umar Gul
2022-05-10 15:21:08,238 [INFO ] espncricinfo.testing.streakTest [main] Mike Hussey
2022-05-10 15:22:41,710 [INFO ] espncricinfo.testing.streakTest [main] Punjab Kings
2022-05-10 15:22:43,659 [INFO ] espncricinfo.testing.streakTest [main] Oops!
2022-05-10 15:22:43,702 [INFO ] espncricinfo.testing.streakTest [main] false
2022-05-10 15:46:19,857 [INFO ] espncricinfo.testing.streakTest [main] Avesh Khan
2022-05-10 15:46:25,352 [INFO ] espncricinfo.testing.streakTest [main] Surat
2022-05-10 15:46:30,758 [INFO ] espncricinfo.testing.streakTest [main] Jaipur
2022-05-10 15:48:04,142 [INFO ] espncricinfo.testing.streakTest [main] Khaleel Ahmed
2022-05-10 15:48:09,591 [INFO ] espncricinfo.testing.streakTest [main] Ricky Ponting
2022-05-10 15:48:15,020 [INFO ] espncricinfo.testing.streakTest [main] Thunderstorm
2022-05-10 15:49:48,447 [INFO ] espncricinfo.testing.streakTest [main] Shankar-Ehsaan
2022-05-10 15:49:53,858 [INFO ] espncricinfo.testing.streakTest [main] Umar Gul
2022-05-10 15:49:59,293 [INFO ] espncricinfo.testing.streakTest [main] Mike Hussey
2022-05-10 15:51:32,694 [INFO ] espncricinfo.testing.streakTest [main] Punjab Kings
2022-05-10 15:51:34,738 [INFO ] espncricinfo.testing.streakTest [main] Oops!
2022-05-10 15:51:34,787 [INFO ] espncricinfo.testing.streakTest [main] false
2022-05-10 16:16:26,539 [INFO ] espncricinfo.testing.streakTest [main] Avesh Khan
2022-05-10 16:16:31,991 [INFO ] espncricinfo.testing.streakTest [main] Surat
2022-05-10 16:16:37,395 [INFO ] espncricinfo.testing.streakTest [main] Jaipur
2022-05-10 16:18:10,842 [INFO ] espncricinfo.testing.streakTest [main] Khaleel Ahmed
2022-05-10 16:18:16,244 [INFO ] espncricinfo.testing.streakTest [main] Ricky Ponting
2022-05-10 16:18:21,675 [INFO ] espncricinfo.testing.streakTest [main] Thunderstorm
2022-05-10 16:19:55,107 [INFO ] espncricinfo.testing.streakTest [main] Shankar-Ehsaan
2022-05-10 16:20:00,506 [INFO ] espncricinfo.testing.streakTest [main] Umar Gul
2022-05-10 16:20:05,875 [INFO ] espncricinfo.testing.streakTest [main] Mike Hussey
2022-05-10 16:21:39,345 [INFO ] espncricinfo.testing.streakTest [main] Punjab Kings
2022-05-10 16:21:41,138 [INFO ] espncricinfo.testing.streakTest [main] Oops!
2022-05-10 16:21:41,175 [INFO ] espncricinfo.testing.streakTest [main] false
2022-05-10 17:38:44,565 [INFO ] espncricinfo.testing.streakTest [main] Avesh Khan
2022-05-10 17:38:49,828 [INFO ] espncricinfo.testing.streakTest [main] Surat
2022-05-10 17:38:55,058 [INFO ] espncricinfo.testing.streakTest [main] Jaipur
2022-05-10 17:40:28,306 [INFO ] espncricinfo.testing.streakTest [main] Khaleel Ahmed
2022-05-10 17:40:33,571 [INFO ] espncricinfo.testing.streakTest [main] Ricky Ponting
2022-05-10 17:40:38,820 [INFO ] espncricinfo.testing.streakTest [main] Thunderstorm
2022-05-10 17:42:12,054 [INFO ] espncricinfo.testing.streakTest [main] Shankar-Ehsaan
2022-05-10 17:42:17,273 [INFO ] espncricinfo.testing.streakTest [main] Umar Gul
2022-05-10 17:42:22,487 [INFO ] espncricinfo.testing.streakTest [main] Mike Hussey
2022-05-10 17:43:55,703 [INFO ] espncricinfo.testing.streakTest [main] Punjab Kings
2022-05-10 17:43:57,147 [INFO ] espncricinfo.testing.streakTest [main] Oops!
2022-05-10 17:43:57,163 [INFO ] espncricinfo.testing.streakTest [main] false
2022-05-10 17:46:37,140 [INFO ] espncricinfo.testing.streakTest [main] Avesh Khan
2022-05-10 17:46:42,370 [INFO ] espncricinfo.testing.streakTest [main] Surat
2022-05-10 17:46:47,615 [INFO ] espncricinfo.testing.streakTest [main] Jaipur
2022-05-10 17:48:20,869 [INFO ] espncricinfo.testing.streakTest [main] Khaleel Ahmed
2022-05-10 17:48:26,103 [INFO ] espncricinfo.testing.streakTest [main] Ricky Ponting
2022-05-10 17:48:31,354 [INFO ] espncricinfo.testing.streakTest [main] Thunderstorm
2022-05-10 17:50:04,583 [INFO ] espncricinfo.testing.streakTest [main] Shankar-Ehsaan
2022-05-10 17:50:09,801 [INFO ] espncricinfo.testing.streakTest [main] Umar Gul
2022-05-10 17:50:15,008 [INFO ] espncricinfo.testing.streakTest [main] Mike Hussey
2022-05-10 17:51:48,245 [INFO ] espncricinfo.testing.streakTest [main] Punjab Kings
2022-05-10 17:53:24,710 [INFO ] espncricinfo.testing.streakTest [main] Avesh Khan
2022-05-10 17:53:29,993 [INFO ] espncricinfo.testing.streakTest [main] Surat
2022-05-10 17:53:35,224 [INFO ] espncricinfo.testing.streakTest [main] Jaipur
2022-05-10 17:55:08,461 [INFO ] espncricinfo.testing.streakTest [main] Khaleel Ahmed
2022-05-10 17:55:13,667 [INFO ] espncricinfo.testing.streakTest [main] Ricky Ponting
2022-05-10 17:55:18,883 [INFO ] espncricinfo.testing.streakTest [main] Thunderstorm
2022-05-10 17:56:52,109 [INFO ] espncricinfo.testing.streakTest [main] Shankar-Ehsaan
2022-05-10 17:56:57,327 [INFO ] espncricinfo.testing.streakTest [main] Umar Gul
2022-05-10 17:57:02,528 [INFO ] espncricinfo.testing.streakTest [main] Mike Hussey
2022-05-10 17:58:35,781 [INFO ] espncricinfo.testing.streakTest [main] Punjab Kings
2022-05-10 18:00:46,945 [INFO ] espncricinfo.testing.streakTest [main] Avesh Khan
2022-05-10 18:00:52,174 [INFO ] espncricinfo.testing.streakTest [main] Surat
2022-05-10 18:00:57,401 [INFO ] espncricinfo.testing.streakTest [main] Jaipur
2022-05-10 18:02:30,622 [INFO ] espncricinfo.testing.streakTest [main] Khaleel Ahmed
2022-05-10 18:02:35,836 [INFO ] espncricinfo.testing.streakTest [main] Ricky Ponting
2022-05-10 18:02:41,051 [INFO ] espncricinfo.testing.streakTest [main] Thunderstorm
2022-05-10 18:04:14,283 [INFO ] espncricinfo.testing.streakTest [main] Shankar-Ehsaan
2022-05-10 18:04:19,490 [INFO ] espncricinfo.testing.streakTest [main] Umar Gul
2022-05-10 18:04:24,719 [INFO ] espncricinfo.testing.streakTest [main] Mike Hussey
2022-05-10 18:05:57,968 [INFO ] espncricinfo.testing.streakTest [main] Punjab Kings
2022-05-10 18:16:43,875 [INFO ] espncricinfo.testing.streakTest [main] Avesh Khan
2022-05-10 18:16:49,110 [INFO ] espncricinfo.testing.streakTest [main] Surat
2022-05-10 18:16:54,325 [INFO ] espncricinfo.testing.streakTest [main] Jaipur
2022-05-10 18:18:27,550 [INFO ] espncricinfo.testing.streakTest [main] Khaleel Ahmed
2022-05-10 18:18:32,754 [INFO ] espncricinfo.testing.streakTest [main] Ricky Ponting
2022-05-10 18:18:37,955 [INFO ] espncricinfo.testing.streakTest [main] Thunderstorm
2022-05-10 18:20:11,236 [INFO ] espncricinfo.testing.streakTest [main] Shankar-Ehsaan
2022-05-10 18:20:16,468 [INFO ] espncricinfo.testing.streakTest [main] Umar Gul
2022-05-10 18:20:21,674 [INFO ] espncricinfo.testing.streakTest [main] Mike Hussey
2022-05-10 18:21:54,904 [INFO ] espncricinfo.testing.streakTest [main] Punjab Kings
2022-05-10 18:24:31,839 [INFO ] espncricinfo.testing.streakTest [main] Oops!
2022-05-10 18:24:31,857 [INFO ] espncricinfo.testing.streakTest [main] false
2022-05-10 18:26:58,903 [INFO ] espncricinfo.testing.streakTest [main] Avesh Khan
2022-05-10 18:27:04,161 [INFO ] espncricinfo.testing.streakTest [main] Surat
2022-05-10 18:27:09,410 [INFO ] espncricinfo.testing.streakTest [main] Jaipur
2022-05-10 18:28:42,666 [INFO ] espncricinfo.testing.streakTest [main] Khaleel Ahmed
2022-05-10 18:28:47,886 [INFO ] espncricinfo.testing.streakTest [main] Ricky Ponting
2022-05-10 18:28:53,073 [INFO ] espncricinfo.testing.streakTest [main] Thunderstorm
2022-05-10 18:30:26,307 [INFO ] espncricinfo.testing.streakTest [main] Shankar-Ehsaan
2022-05-10 18:30:31,604 [INFO ] espncricinfo.testing.streakTest [main] Umar Gul
2022-05-10 18:30:36,785 [INFO ] espncricinfo.testing.streakTest [main] Mike Hussey
2022-05-10 18:32:10,057 [INFO ] espncricinfo.testing.streakTest [main] Punjab Kings
2022-05-10 18:36:30,064 [INFO ] espncricinfo.testing.streakTest [main] Avesh Khan
2022-05-10 18:36:35,310 [INFO ] espncricinfo.testing.streakTest [main] Surat
2022-05-10 18:36:40,503 [INFO ] espncricinfo.testing.streakTest [main] Jaipur
2022-05-10 18:38:13,724 [INFO ] espncricinfo.testing.streakTest [main] Khaleel Ahmed
2022-05-10 18:38:18,937 [INFO ] espncricinfo.testing.streakTest [main] Ricky Ponting
2022-05-10 18:38:24,146 [INFO ] espncricinfo.testing.streakTest [main] Thunderstorm
2022-05-10 18:39:57,385 [INFO ] espncricinfo.testing.streakTest [main] Shankar-Ehsaan
2022-05-10 18:40:02,586 [INFO ] espncricinfo.testing.streakTest [main] Umar Gul
2022-05-10 18:40:07,783 [INFO ] espncricinfo.testing.streakTest [main] Mike Hussey
2022-05-10 18:41:41,031 [INFO ] espncricinfo.testing.streakTest [main] Punjab Kings
2022-05-10 18:41:43,879 [INFO ] espncricinfo.testing.streakTest [main] Oops!
2022-05-10 18:41:43,902 [INFO ] espncricinfo.testing.streakTest [main] false
2022-05-10 21:43:20,029 [INFO ] espncricinfo.testing.streakTest [main] Avesh Khan
2022-05-10 21:43:25,447 [INFO ] espncricinfo.testing.streakTest [main] Surat
2022-05-10 21:43:30,775 [INFO ] espncricinfo.testing.streakTest [main] Jaipur
2022-05-10 21:45:04,098 [INFO ] espncricinfo.testing.streakTest [main] Khaleel Ahmed
2022-05-10 21:45:09,491 [INFO ] espncricinfo.testing.streakTest [main] Ricky Ponting
2022-05-10 21:45:14,994 [INFO ] espncricinfo.testing.streakTest [main] Thunderstorm
2022-05-10 21:46:48,486 [INFO ] espncricinfo.testing.streakTest [main] Shankar-Ehsaan
2022-05-10 21:46:53,958 [INFO ] espncricinfo.testing.streakTest [main] Umar Gul
2022-05-10 21:46:59,465 [INFO ] espncricinfo.testing.streakTest [main] Mike Hussey
2022-05-10 21:48:32,970 [INFO ] espncricinfo.testing.streakTest [main] Punjab Kings
2022-05-10 21:48:46,019 [INFO ] espncricinfo.testing.streakTest [main] Oops!
2022-05-10 21:48:46,067 [INFO ] espncricinfo.testing.streakTest [main] false
2022-05-10 21:50:29,394 [INFO ] espncricinfo.testing.streakTest [main] Avesh Khan
2022-05-10 21:50:34,713 [INFO ] espncricinfo.testing.streakTest [main] Surat
2022-05-10 21:50:40,024 [INFO ] espncricinfo.testing.streakTest [main] Jaipur
2022-05-10 21:52:13,422 [INFO ] espncricinfo.testing.streakTest [main] Khaleel Ahmed
2022-05-10 21:52:18,825 [INFO ] espncricinfo.testing.streakTest [main] Ricky Ponting
2022-05-10 21:52:24,220 [INFO ] espncricinfo.testing.streakTest [main] Thunderstorm
2022-05-10 21:53:57,576 [INFO ] espncricinfo.testing.streakTest [main] Shankar-Ehsaan
2022-05-10 21:54:03,044 [INFO ] espncricinfo.testing.streakTest [main] Umar Gul
2022-05-10 21:54:08,372 [INFO ] espncricinfo.testing.streakTest [main] Mike Hussey
2022-05-10 21:55:41,752 [INFO ] espncricinfo.testing.streakTest [main] Punjab Kings
2022-05-10 21:55:54,744 [INFO ] espncricinfo.testing.streakTest [main] Oops!
2022-05-10 21:55:54,781 [INFO ] espncricinfo.testing.streakTest [main] false
